<?xml version="1.0" encoding="UTF-8"?>
<testng-results ignored="0" total="1" passed="1" failed="0" skipped="0">
  <reporter-output>
  </reporter-output>
  <suite started-at="2021-09-16T00:16:56 IST" name="Suite" finished-at="2021-09-16T00:17:50 IST" duration-ms="53535">
    <groups>
    </groups>
    <test started-at="2021-09-16T00:16:56 IST" name="Test" finished-at="2021-09-16T00:17:50 IST" duration-ms="53535">
      <class name="test.Browsertest">
        <test-method signature="google_search()[pri:0, instance:test.Browsertest@60015ef5]" started-at="2021-09-16T00:16:56 IST" name="google_search" finished-at="2021-09-16T00:17:50 IST" duration-ms="53475" status="PASS">
          <reporter-output>
          </reporter-output>
        </test-method> <!-- google_search -->
      </class> <!-- test.Browsertest -->
    </test> <!-- Test -->
  </suite> <!-- Suite -->
</testng-results>
