<?xml version="1.0" encoding="UTF-8"?>
<testng-results ignored="0" total="1" passed="1" failed="0" skipped="0">
  <reporter-output>
  </reporter-output>
  <suite started-at="2021-09-16T00:14:57 IST" name="Default suite" finished-at="2021-09-16T00:15:47 IST" duration-ms="49897">
    <groups>
    </groups>
    <test started-at="2021-09-16T00:14:57 IST" name="Default test" finished-at="2021-09-16T00:15:47 IST" duration-ms="49897">
      <class name="test.Browsertest">
        <test-method signature="google_search()[pri:0, instance:test.Browsertest@74455848]" started-at="2021-09-16T00:14:57 IST" name="google_search" finished-at="2021-09-16T00:15:46 IST" duration-ms="49669" status="PASS">
          <reporter-output>
          </reporter-output>
        </test-method> <!-- google_search -->
      </class> <!-- test.Browsertest -->
    </test> <!-- Default test -->
  </suite> <!-- Default suite -->
</testng-results>
